Time: 18:29:54:157; Method: GET; URl: /; Cookies: keys: Webstorm-6bd6bd74, values: 8cad0628-0259-4db3-941e-f8f4c757fe05 ; Hostname: localhost; StatusCode: 200; User agent: Mozilla/5.0 (Windows NT 10.0; Win64; x64; rv:59.0) Gecko/20100101 Firefox/59.0; 
Time: 18:29:57:505; Method: GET; URl: /home; Cookies: keys: Webstorm-6bd6bd74, values: 8cad0628-0259-4db3-941e-f8f4c757fe05 ; Hostname: localhost; StatusCode: 200; User agent: Mozilla/5.0 (Windows NT 10.0; Win64; x64; rv:59.0) Gecko/20100101 Firefox/59.0; 
Time: 18:31:49:358; Method: GET; URl: /home; Cookies: keys: Webstorm-6bd6bd74, values: 8cad0628-0259-4db3-941e-f8f4c757fe05 ; Hostname: localhost; StatusCode: 200; User agent: Mozilla/5.0 (Windows NT 10.0; Win64; x64; rv:59.0) Gecko/20100101 Firefox/59.0; 
Time: 18:31:50:557; Method: GET; URl: /home; Cookies: keys: Webstorm-6bd6bd74, values: 8cad0628-0259-4db3-941e-f8f4c757fe05 ; Hostname: localhost; StatusCode: 200; User agent: Mozilla/5.0 (Windows NT 10.0; Win64; x64; rv:59.0) Gecko/20100101 Firefox/59.0; 
Time: 18:31:51:58; Method: GET; URl: /home; Cookies: keys: Webstorm-6bd6bd74, values: 8cad0628-0259-4db3-941e-f8f4c757fe05 ; Hostname: localhost; StatusCode: 200; User agent: Mozilla/5.0 (Windows NT 10.0; Win64; x64; rv:59.0) Gecko/20100101 Firefox/59.0; 
Time: 18:31:51:274; Method: GET; URl: /home; Cookies: keys: Webstorm-6bd6bd74, values: 8cad0628-0259-4db3-941e-f8f4c757fe05 ; Hostname: localhost; StatusCode: 200; User agent: Mozilla/5.0 (Windows NT 10.0; Win64; x64; rv:59.0) Gecko/20100101 Firefox/59.0; 
Time: 18:31:51:543; Method: GET; URl: /home; Cookies: keys: Webstorm-6bd6bd74, values: 8cad0628-0259-4db3-941e-f8f4c757fe05 ; Hostname: localhost; StatusCode: 200; User agent: Mozilla/5.0 (Windows NT 10.0; Win64; x64; rv:59.0) Gecko/20100101 Firefox/59.0; 
Time: 18:31:51:706; Method: GET; URl: /home; Cookies: keys: Webstorm-6bd6bd74, values: 8cad0628-0259-4db3-941e-f8f4c757fe05 ; Hostname: localhost; StatusCode: 200; User agent: Mozilla/5.0 (Windows NT 10.0; Win64; x64; rv:59.0) Gecko/20100101 Firefox/59.0; 
Time: 18:31:51:976; Method: GET; URl: /home; Cookies: keys: Webstorm-6bd6bd74, values: 8cad0628-0259-4db3-941e-f8f4c757fe05 ; Hostname: localhost; StatusCode: 200; User agent: Mozilla/5.0 (Windows NT 10.0; Win64; x64; rv:59.0) Gecko/20100101 Firefox/59.0; 
Time: 18:31:52:245; Method: GET; URl: /home; Cookies: keys: Webstorm-6bd6bd74, values: 8cad0628-0259-4db3-941e-f8f4c757fe05 ; Hostname: localhost; StatusCode: 200; User agent: Mozilla/5.0 (Windows NT 10.0; Win64; x64; rv:59.0) Gecko/20100101 Firefox/59.0; 
Time: 18:31:53:749; Method: GET; URl: /; Cookies: keys: Webstorm-6bd6bd74, values: 8cad0628-0259-4db3-941e-f8f4c757fe05 ; Hostname: localhost; StatusCode: 200; User agent: Mozilla/5.0 (Windows NT 10.0; Win64; x64; rv:59.0) Gecko/20100101 Firefox/59.0; 
Time: 18:31:54:733; Method: GET; URl: /home; Cookies: keys: Webstorm-6bd6bd74, values: 8cad0628-0259-4db3-941e-f8f4c757fe05 ; Hostname: localhost; StatusCode: 200; User agent: Mozilla/5.0 (Windows NT 10.0; Win64; x64; rv:59.0) Gecko/20100101 Firefox/59.0; 
Time: 18:32:16:862; Method: GET; URl: /; Cookies: keys: Webstorm-6bd6bd74, values: 8cad0628-0259-4db3-941e-f8f4c757fe05 ; Hostname: localhost; StatusCode: 200; User agent: Mozilla/5.0 (Windows NT 10.0; Win64; x64; rv:59.0) Gecko/20100101 Firefox/59.0; 
Time: 18:32:19:387; Method: GET; URl: /home; Cookies: keys: Webstorm-6bd6bd74, values: 8cad0628-0259-4db3-941e-f8f4c757fe05 ; Hostname: localhost; StatusCode: 200; User agent: Mozilla/5.0 (Windows NT 10.0; Win64; x64; rv:59.0) Gecko/20100101 Firefox/59.0; 
Time: 18:32:22:737; Method: GET; URl: /; Cookies: keys: Webstorm-6bd6bd74, values: 8cad0628-0259-4db3-941e-f8f4c757fe05 ; Hostname: localhost; StatusCode: 200; User agent: Mozilla/5.0 (Windows NT 10.0; Win64; x64; rv:59.0) Gecko/20100101 Firefox/59.0; 
Time: 18:32:24:549; Method: GET; URl: /register; Cookies: keys: Webstorm-6bd6bd74, values: 8cad0628-0259-4db3-941e-f8f4c757fe05 ; Hostname: localhost; StatusCode: 200; User agent: Mozilla/5.0 (Windows NT 10.0; Win64; x64; rv:59.0) Gecko/20100101 Firefox/59.0; 
Time: 18:32:27:590; Method: POST; URl: /register; Cookies: keys: Webstorm-6bd6bd74, values: 8cad0628-0259-4db3-941e-f8f4c757fe05 ; Hostname: localhost; StatusCode: 200; User agent: Mozilla/5.0 (Windows NT 10.0; Win64; x64; rv:59.0) Gecko/20100101 Firefox/59.0; 
Time: 18:32:30:85; Method: GET; URl: /; Cookies: keys: Webstorm-6bd6bd74, values: 8cad0628-0259-4db3-941e-f8f4c757fe05 ; Hostname: localhost; StatusCode: 200; User agent: Mozilla/5.0 (Windows NT 10.0; Win64; x64; rv:59.0) Gecko/20100101 Firefox/59.0; 
Time: 18:32:31:438; Method: GET; URl: /home; Cookies: keys: Webstorm-6bd6bd74, values: 8cad0628-0259-4db3-941e-f8f4c757fe05 ; Hostname: localhost; StatusCode: 200; User agent: Mozilla/5.0 (Windows NT 10.0; Win64; x64; rv:59.0) Gecko/20100101 Firefox/59.0; 
Time: 18:32:32:923; Method: GET; URl: /; Cookies: keys: Webstorm-6bd6bd74, values: 8cad0628-0259-4db3-941e-f8f4c757fe05 ; Hostname: localhost; StatusCode: 200; User agent: Mozilla/5.0 (Windows NT 10.0; Win64; x64; rv:59.0) Gecko/20100101 Firefox/59.0; 
Time: 18:32:57:839; Method: GET; URl: /login; Cookies: keys: Webstorm-6bd6bd74, values: 8cad0628-0259-4db3-941e-f8f4c757fe05 ; Hostname: localhost; StatusCode: 200; User agent: Mozilla/5.0 (Windows NT 10.0; Win64; x64; rv:59.0) Gecko/20100101 Firefox/59.0; 
Time: 18:32:57:854; Method: GET; URl: /register; Cookies: keys: Webstorm-6bd6bd74, values: 8cad0628-0259-4db3-941e-f8f4c757fe05 ; Hostname: localhost; StatusCode: 200; User agent: Mozilla/5.0 (Windows NT 10.0; Win64; x64; rv:59.0) Gecko/20100101 Firefox/59.0; 
Time: 18:32:58:925; Method: POST; URl: /register; Cookies: keys: Webstorm-6bd6bd74, values: 8cad0628-0259-4db3-941e-f8f4c757fe05 ; Hostname: localhost; StatusCode: 200; User agent: Mozilla/5.0 (Windows NT 10.0; Win64; x64; rv:59.0) Gecko/20100101 Firefox/59.0; 
Time: 18:33:0:404; Method: GET; URl: /; Cookies: keys: Webstorm-6bd6bd74, values: 8cad0628-0259-4db3-941e-f8f4c757fe05 ; Hostname: localhost; StatusCode: 200; User agent: Mozilla/5.0 (Windows NT 10.0; Win64; x64; rv:59.0) Gecko/20100101 Firefox/59.0; 
Time: 18:33:1:529; Method: GET; URl: /log; Cookies: keys: Webstorm-6bd6bd74, values: 8cad0628-0259-4db3-941e-f8f4c757fe05 ; Hostname: localhost; StatusCode: 200; User agent: Mozilla/5.0 (Windows NT 10.0; Win64; x64; rv:59.0) Gecko/20100101 Firefox/59.0; 
Time: 18:33:4:207; Method: GET; URl: /log; Cookies: keys: Webstorm-6bd6bd74 isAdmin, values: 8cad0628-0259-4db3-941e-f8f4c757fe05 true ; Hostname: localhost; StatusCode: 200; User agent: Mozilla/5.0 (Windows NT 10.0; Win64; x64; rv:59.0) Gecko/20100101 Firefox/59.0; 
Time: 18:37:13:645; Method: GET; URl: /; Cookies: keys: Webstorm-6bd6bd74 isAdmin, values: 8cad0628-0259-4db3-941e-f8f4c757fe05 true ; Hostname: localhost; StatusCode: 200; User agent: Mozilla/5.0 (Windows NT 10.0; Win64; x64; rv:59.0) Gecko/20100101 Firefox/59.0; 
Time: 18:37:16:934; Method: GET; URl: /log; Cookies: keys: Webstorm-6bd6bd74 isAdmin, values: 8cad0628-0259-4db3-941e-f8f4c757fe05 true ; Hostname: localhost; StatusCode: 200; User agent: Mozilla/5.0 (Windows NT 10.0; Win64; x64; rv:59.0) Gecko/20100101 Firefox/59.0; 
Time: 18:37:50:89; Method: GET; URl: /; Cookies: keys: Webstorm-6bd6bd74 isAdmin, values: 8cad0628-0259-4db3-941e-f8f4c757fe05 true ; Hostname: localhost; StatusCode: 200; User agent: Mozilla/5.0 (Windows NT 10.0; Win64; x64; rv:59.0) Gecko/20100101 Firefox/59.0; 
Time: 18:37:52:875; Method: GET; URl: /log; Cookies: keys: Webstorm-6bd6bd74 isAdmin, values: 8cad0628-0259-4db3-941e-f8f4c757fe05 true ; Hostname: localhost; StatusCode: 200; User agent: Mozilla/5.0 (Windows NT 10.0; Win64; x64; rv:59.0) Gecko/20100101 Firefox/59.0; 
Time: 18:38:5:577; Method: GET; URl: /; Cookies: keys: Webstorm-6bd6bd74 isAdmin, values: 8cad0628-0259-4db3-941e-f8f4c757fe05 true ; Hostname: localhost; StatusCode: 200; User agent: Mozilla/5.0 (Windows NT 10.0; Win64; x64; rv:59.0) Gecko/20100101 Firefox/59.0; 
Time: 18:38:6:674; Method: GET; URl: /log; Cookies: keys: Webstorm-6bd6bd74 isAdmin, values: 8cad0628-0259-4db3-941e-f8f4c757fe05 true ; Hostname: localhost; StatusCode: 200; User agent: Mozilla/5.0 (Windows NT 10.0; Win64; x64; rv:59.0) Gecko/20100101 Firefox/59.0; 
Time: 18:38:47:649; Method: GET; URl: /; Cookies: keys: Webstorm-6bd6bd74 isAdmin, values: 8cad0628-0259-4db3-941e-f8f4c757fe05 true ; Hostname: localhost; StatusCode: 200; User agent: Mozilla/5.0 (Windows NT 10.0; Win64; x64; rv:59.0) Gecko/20100101 Firefox/59.0; 
Time: 18:38:49:782; Method: GET; URl: /log; Cookies: keys: Webstorm-6bd6bd74 isAdmin, values: 8cad0628-0259-4db3-941e-f8f4c757fe05 true ; Hostname: localhost; StatusCode: 200; User agent: Mozilla/5.0 (Windows NT 10.0; Win64; x64; rv:59.0) Gecko/20100101 Firefox/59.0; 
Time: 18:39:1:615; Method: GET; URl: /; Cookies: keys: Webstorm-6bd6bd74 isAdmin, values: 8cad0628-0259-4db3-941e-f8f4c757fe05 true ; Hostname: localhost; StatusCode: 200; User agent: Mozilla/5.0 (Windows NT 10.0; Win64; x64; rv:59.0) Gecko/20100101 Firefox/59.0; 
Time: 18:39:3:384; Method: GET; URl: /log; Cookies: keys: Webstorm-6bd6bd74 isAdmin, values: 8cad0628-0259-4db3-941e-f8f4c757fe05 true ; Hostname: localhost; StatusCode: 200; User agent: Mozilla/5.0 (Windows NT 10.0; Win64; x64; rv:59.0) Gecko/20100101 Firefox/59.0; 
Time: 18:39:13:336; Method: GET; URl: /; Cookies: keys: Webstorm-6bd6bd74 isAdmin, values: 8cad0628-0259-4db3-941e-f8f4c757fe05 true ; Hostname: localhost; StatusCode: 200; User agent: Mozilla/5.0 (Windows NT 10.0; Win64; x64; rv:59.0) Gecko/20100101 Firefox/59.0; 
Time: 18:39:14:353; Method: GET; URl: /log; Cookies: keys: Webstorm-6bd6bd74 isAdmin, values: 8cad0628-0259-4db3-941e-f8f4c757fe05 true ; Hostname: localhost; StatusCode: 200; User agent: Mozilla/5.0 (Windows NT 10.0; Win64; x64; rv:59.0) Gecko/20100101 Firefox/59.0; 
Time: 18:39:17:469; Method: GET; URl: /log; Cookies: keys: Webstorm-6bd6bd74, values: 8cad0628-0259-4db3-941e-f8f4c757fe05 ; Hostname: localhost; StatusCode: 200; User agent: Mozilla/5.0 (Windows NT 10.0; Win64; x64; rv:59.0) Gecko/20100101 Firefox/59.0; 
Time: 18:39:18:638; Method: GET; URl: /log; Cookies: keys: Webstorm-6bd6bd74, values: 8cad0628-0259-4db3-941e-f8f4c757fe05 ; Hostname: localhost; StatusCode: 200; User agent: Mozilla/5.0 (Windows NT 10.0; Win64; x64; rv:59.0) Gecko/20100101 Firefox/59.0; 
Time: 18:39:19:0; Method: GET; URl: /log; Cookies: keys: Webstorm-6bd6bd74, values: 8cad0628-0259-4db3-941e-f8f4c757fe05 ; Hostname: localhost; StatusCode: 200; User agent: Mozilla/5.0 (Windows NT 10.0; Win64; x64; rv:59.0) Gecko/20100101 Firefox/59.0; 
Time: 18:39:19:368; Method: GET; URl: /log; Cookies: keys: Webstorm-6bd6bd74, values: 8cad0628-0259-4db3-941e-f8f4c757fe05 ; Hostname: localhost; StatusCode: 200; User agent: Mozilla/5.0 (Windows NT 10.0; Win64; x64; rv:59.0) Gecko/20100101 Firefox/59.0; 
Time: 18:39:19:684; Method: GET; URl: /log; Cookies: keys: Webstorm-6bd6bd74, values: 8cad0628-0259-4db3-941e-f8f4c757fe05 ; Hostname: localhost; StatusCode: 200; User agent: Mozilla/5.0 (Windows NT 10.0; Win64; x64; rv:59.0) Gecko/20100101 Firefox/59.0; 
Time: 18:39:19:869; Method: GET; URl: /log; Cookies: keys: Webstorm-6bd6bd74, values: 8cad0628-0259-4db3-941e-f8f4c757fe05 ; Hostname: localhost; StatusCode: 200; User agent: Mozilla/5.0 (Windows NT 10.0; Win64; x64; rv:59.0) Gecko/20100101 Firefox/59.0; 
Time: 18:39:20:22; Method: GET; URl: /log; Cookies: keys: Webstorm-6bd6bd74, values: 8cad0628-0259-4db3-941e-f8f4c757fe05 ; Hostname: localhost; StatusCode: 200; User agent: Mozilla/5.0 (Windows NT 10.0; Win64; x64; rv:59.0) Gecko/20100101 Firefox/59.0; 
Time: 18:39:20:170; Method: GET; URl: /log; Cookies: keys: Webstorm-6bd6bd74, values: 8cad0628-0259-4db3-941e-f8f4c757fe05 ; Hostname: localhost; StatusCode: 200; User agent: Mozilla/5.0 (Windows NT 10.0; Win64; x64; rv:59.0) Gecko/20100101 Firefox/59.0; 
Time: 18:39:20:322; Method: GET; URl: /log; Cookies: keys: Webstorm-6bd6bd74, values: 8cad0628-0259-4db3-941e-f8f4c757fe05 ; Hostname: localhost; StatusCode: 200; User agent: Mozilla/5.0 (Windows NT 10.0; Win64; x64; rv:59.0) Gecko/20100101 Firefox/59.0; 
Time: 18:39:20:484; Method: GET; URl: /log; Cookies: keys: Webstorm-6bd6bd74, values: 8cad0628-0259-4db3-941e-f8f4c757fe05 ; Hostname: localhost; StatusCode: 200; User agent: Mozilla/5.0 (Windows NT 10.0; Win64; x64; rv:59.0) Gecko/20100101 Firefox/59.0; 
Time: 18:39:20:653; Method: GET; URl: /log; Cookies: keys: Webstorm-6bd6bd74, values: 8cad0628-0259-4db3-941e-f8f4c757fe05 ; Hostname: localhost; StatusCode: 200; User agent: Mozilla/5.0 (Windows NT 10.0; Win64; x64; rv:59.0) Gecko/20100101 Firefox/59.0; 
Time: 18:39:20:822; Method: GET; URl: /log; Cookies: keys: Webstorm-6bd6bd74, values: 8cad0628-0259-4db3-941e-f8f4c757fe05 ; Hostname: localhost; StatusCode: 200; User agent: Mozilla/5.0 (Windows NT 10.0; Win64; x64; rv:59.0) Gecko/20100101 Firefox/59.0; 
Time: 18:39:21:438; Method: GET; URl: /home; Cookies: keys: Webstorm-6bd6bd74, values: 8cad0628-0259-4db3-941e-f8f4c757fe05 ; Hostname: localhost; StatusCode: 200; User agent: Mozilla/5.0 (Windows NT 10.0; Win64; x64; rv:59.0) Gecko/20100101 Firefox/59.0; 
Time: 18:39:23:139; Method: GET; URl: /; Cookies: keys: Webstorm-6bd6bd74, values: 8cad0628-0259-4db3-941e-f8f4c757fe05 ; Hostname: localhost; StatusCode: 200; User agent: Mozilla/5.0 (Windows NT 10.0; Win64; x64; rv:59.0) Gecko/20100101 Firefox/59.0; 
Time: 18:39:24:371; Method: GET; URl: /login; Cookies: keys: Webstorm-6bd6bd74, values: 8cad0628-0259-4db3-941e-f8f4c757fe05 ; Hostname: localhost; StatusCode: 200; User agent: Mozilla/5.0 (Windows NT 10.0; Win64; x64; rv:59.0) Gecko/20100101 Firefox/59.0; 
Time: 18:39:24:387; Method: GET; URl: /register; Cookies: keys: Webstorm-6bd6bd74, values: 8cad0628-0259-4db3-941e-f8f4c757fe05 ; Hostname: localhost; StatusCode: 200; User agent: Mozilla/5.0 (Windows NT 10.0; Win64; x64; rv:59.0) Gecko/20100101 Firefox/59.0; 
Time: 19:9:22:143; Method: GET; URl: /register; Cookies: keys: Webstorm-6bd6bd74, values: 8cad0628-0259-4db3-941e-f8f4c757fe05 ; Hostname: localhost; StatusCode: 200; User agent: Mozilla/5.0 (Windows NT 10.0; Win64; x64; rv:59.0) Gecko/20100101 Firefox/59.0; 
Time: 19:9:47:758; Method: GET; URl: /; Cookies: keys: Webstorm-6bd6bd74, values: 8cad0628-0259-4db3-941e-f8f4c757fe05 ; Hostname: localhost; StatusCode: 200; User agent: Mozilla/5.0 (Windows NT 10.0; Win64; x64; rv:59.0) Gecko/20100101 Firefox/59.0; 
Time: 19:14:46:29; Method: GET; URl: /; Cookies: keys: Webstorm-6bd6bd74 isAdmin, values: 8cad0628-0259-4db3-941e-f8f4c757fe05 true ; Hostname: localhost; StatusCode: 200; User agent: Mozilla/5.0 (Windows NT 10.0; Win64; x64; rv:59.0) Gecko/20100101 Firefox/59.0; 
Time: 19:14:48:308; Method: GET; URl: /log; Cookies: keys: Webstorm-6bd6bd74 isAdmin, values: 8cad0628-0259-4db3-941e-f8f4c757fe05 true ; Hostname: localhost; StatusCode: 200; User agent: Mozilla/5.0 (Windows NT 10.0; Win64; x64; rv:59.0) Gecko/20100101 Firefox/59.0; 
Time: 19:14:52:77; Method: GET; URl: /log; Cookies: keys: Webstorm-6bd6bd74 isAdmin, values: 8cad0628-0259-4db3-941e-f8f4c757fe05 true ; Hostname: localhost; StatusCode: 200; User agent: Mozilla/5.0 (Windows NT 10.0; Win64; x64; rv:59.0) Gecko/20100101 Firefox/59.0; 
Time: 19:14:52:630; Method: GET; URl: /log; Cookies: keys: Webstorm-6bd6bd74 isAdmin, values: 8cad0628-0259-4db3-941e-f8f4c757fe05 true ; Hostname: localhost; StatusCode: 200; User agent: Mozilla/5.0 (Windows NT 10.0; Win64; x64; rv:59.0) Gecko/20100101 Firefox/59.0; 
Time: 19:14:53:361; Method: GET; URl: /log; Cookies: keys: Webstorm-6bd6bd74 isAdmin, values: 8cad0628-0259-4db3-941e-f8f4c757fe05 true ; Hostname: localhost; StatusCode: 200; User agent: Mozilla/5.0 (Windows NT 10.0; Win64; x64; rv:59.0) Gecko/20100101 Firefox/59.0; 
Time: 19:14:53:561; Method: GET; URl: /log; Cookies: keys: Webstorm-6bd6bd74 isAdmin, values: 8cad0628-0259-4db3-941e-f8f4c757fe05 true ; Hostname: localhost; StatusCode: 200; User agent: Mozilla/5.0 (Windows NT 10.0; Win64; x64; rv:59.0) Gecko/20100101 Firefox/59.0; 
Time: 19:14:56:509; Method: GET; URl: /log; Cookies: keys: Webstorm-6bd6bd74 isAdmin, values: 8cad0628-0259-4db3-941e-f8f4c757fe05 true ; Hostname: localhost; StatusCode: 200; User agent: Mozilla/5.0 (Windows NT 10.0; Win64; x64; rv:59.0) Gecko/20100101 Firefox/59.0; 
Time: 19:14:56:630; Method: GET; URl: /log; Cookies: keys: Webstorm-6bd6bd74 isAdmin, values: 8cad0628-0259-4db3-941e-f8f4c757fe05 true ; Hostname: localhost; StatusCode: 200; User agent: Mozilla/5.0 (Windows NT 10.0; Win64; x64; rv:59.0) Gecko/20100101 Firefox/59.0; 
Time: 19:14:56:826; Method: GET; URl: /log; Cookies: keys: Webstorm-6bd6bd74 isAdmin, values: 8cad0628-0259-4db3-941e-f8f4c757fe05 true ; Hostname: localhost; StatusCode: 200; User agent: Mozilla/5.0 (Windows NT 10.0; Win64; x64; rv:59.0) Gecko/20100101 Firefox/59.0; 
Time: 19:14:57:246; Method: GET; URl: /log; Cookies: keys: Webstorm-6bd6bd74 isAdmin, values: 8cad0628-0259-4db3-941e-f8f4c757fe05 true ; Hostname: localhost; StatusCode: 200; User agent: Mozilla/5.0 (Windows NT 10.0; Win64; x64; rv:59.0) Gecko/20100101 Firefox/59.0; 
Time: 19:14:57:446; Method: GET; URl: /log; Cookies: keys: Webstorm-6bd6bd74 isAdmin, values: 8cad0628-0259-4db3-941e-f8f4c757fe05 true ; Hostname: localhost; StatusCode: 200; User agent: Mozilla/5.0 (Windows NT 10.0; Win64; x64; rv:59.0) Gecko/20100101 Firefox/59.0; 
Time: 19:14:57:661; Method: GET; URl: /log; Cookies: keys: Webstorm-6bd6bd74 isAdmin, values: 8cad0628-0259-4db3-941e-f8f4c757fe05 true ; Hostname: localhost; StatusCode: 200; User agent: Mozilla/5.0 (Windows NT 10.0; Win64; x64; rv:59.0) Gecko/20100101 Firefox/59.0; 
Time: 19:14:57:830; Method: GET; URl: /log; Cookies: keys: Webstorm-6bd6bd74 isAdmin, values: 8cad0628-0259-4db3-941e-f8f4c757fe05 true ; Hostname: localhost; StatusCode: 200; User agent: Mozilla/5.0 (Windows NT 10.0; Win64; x64; rv:59.0) Gecko/20100101 Firefox/59.0; 
Time: 19:14:58:29; Method: GET; URl: /log; Cookies: keys: Webstorm-6bd6bd74 isAdmin, values: 8cad0628-0259-4db3-941e-f8f4c757fe05 true ; Hostname: localhost; StatusCode: 200; User agent: Mozilla/5.0 (Windows NT 10.0; Win64; x64; rv:59.0) Gecko/20100101 Firefox/59.0; 
Time: 19:14:58:229; Method: GET; URl: /log; Cookies: keys: Webstorm-6bd6bd74 isAdmin, values: 8cad0628-0259-4db3-941e-f8f4c757fe05 true ; Hostname: localhost; StatusCode: 200; User agent: Mozilla/5.0 (Windows NT 10.0; Win64; x64; rv:59.0) Gecko/20100101 Firefox/59.0; 
Time: 19:14:58:445; Method: GET; URl: /log; Cookies: keys: Webstorm-6bd6bd74 isAdmin, values: 8cad0628-0259-4db3-941e-f8f4c757fe05 true ; Hostname: localhost; StatusCode: 200; User agent: Mozilla/5.0 (Windows NT 10.0; Win64; x64; rv:59.0) Gecko/20100101 Firefox/59.0; 
Time: 19:14:58:645; Method: GET; URl: /log; Cookies: keys: Webstorm-6bd6bd74 isAdmin, values: 8cad0628-0259-4db3-941e-f8f4c757fe05 true ; Hostname: localhost; StatusCode: 200; User agent: Mozilla/5.0 (Windows NT 10.0; Win64; x64; rv:59.0) Gecko/20100101 Firefox/59.0; 
Time: 19:14:58:845; Method: GET; URl: /log; Cookies: keys: Webstorm-6bd6bd74 isAdmin, values: 8cad0628-0259-4db3-941e-f8f4c757fe05 true ; Hostname: localhost; StatusCode: 200; User agent: Mozilla/5.0 (Windows NT 10.0; Win64; x64; rv:59.0) Gecko/20100101 Firefox/59.0; 
Time: 19:14:59:61; Method: GET; URl: /log; Cookies: keys: Webstorm-6bd6bd74 isAdmin, values: 8cad0628-0259-4db3-941e-f8f4c757fe05 true ; Hostname: localhost; StatusCode: 200; User agent: Mozilla/5.0 (Windows NT 10.0; Win64; x64; rv:59.0) Gecko/20100101 Firefox/59.0; 
Time: 19:14:59:260; Method: GET; URl: /log; Cookies: keys: Webstorm-6bd6bd74 isAdmin, values: 8cad0628-0259-4db3-941e-f8f4c757fe05 true ; Hostname: localhost; StatusCode: 200; User agent: Mozilla/5.0 (Windows NT 10.0; Win64; x64; rv:59.0) Gecko/20100101 Firefox/59.0; 
Time: 19:14:59:460; Method: GET; URl: /log; Cookies: keys: Webstorm-6bd6bd74 isAdmin, values: 8cad0628-0259-4db3-941e-f8f4c757fe05 true ; Hostname: localhost; StatusCode: 200; User agent: Mozilla/5.0 (Windows NT 10.0; Win64; x64; rv:59.0) Gecko/20100101 Firefox/59.0; 
Time: 19:14:59:891; Method: GET; URl: /log; Cookies: keys: Webstorm-6bd6bd74 isAdmin, values: 8cad0628-0259-4db3-941e-f8f4c757fe05 true ; Hostname: localhost; StatusCode: 200; User agent: Mozilla/5.0 (Windows NT 10.0; Win64; x64; rv:59.0) Gecko/20100101 Firefox/59.0; 
Time: 19:15:4:123; Method: GET; URl: /log; Cookies: keys: Webstorm-6bd6bd74, values: 8cad0628-0259-4db3-941e-f8f4c757fe05 ; Hostname: localhost; StatusCode: 200; User agent: Mozilla/5.0 (Windows NT 10.0; Win64; x64; rv:59.0) Gecko/20100101 Firefox/59.0; 
Time: 19:15:4:974; Method: GET; URl: /log; Cookies: keys: Webstorm-6bd6bd74, values: 8cad0628-0259-4db3-941e-f8f4c757fe05 ; Hostname: localhost; StatusCode: 200; User agent: Mozilla/5.0 (Windows NT 10.0; Win64; x64; rv:59.0) Gecko/20100101 Firefox/59.0; 
Time: 19:15:6:790; Method: GET; URl: /log; Cookies: keys: Webstorm-6bd6bd74 isAdmin, values: 8cad0628-0259-4db3-941e-f8f4c757fe05 true ; Hostname: localhost; StatusCode: 200; User agent: Mozilla/5.0 (Windows NT 10.0; Win64; x64; rv:59.0) Gecko/20100101 Firefox/59.0; 
Time: 19:15:10:756; Method: GET; URl: /log; Cookies: keys: Webstorm-6bd6bd74 isAdmin, values: 8cad0628-0259-4db3-941e-f8f4c757fe05 true ; Hostname: localhost; StatusCode: 200; User agent: Mozilla/5.0 (Windows NT 10.0; Win64; x64; rv:59.0) Gecko/20100101 Firefox/59.0; 
Time: 19:15:10:956; Method: GET; URl: /log; Cookies: keys: Webstorm-6bd6bd74 isAdmin, values: 8cad0628-0259-4db3-941e-f8f4c757fe05 true ; Hostname: localhost; StatusCode: 200; User agent: Mozilla/5.0 (Windows NT 10.0; Win64; x64; rv:59.0) Gecko/20100101 Firefox/59.0; 
Time: 19:15:11:203; Method: GET; URl: /log; Cookies: keys: Webstorm-6bd6bd74 isAdmin, values: 8cad0628-0259-4db3-941e-f8f4c757fe05 true ; Hostname: localhost; StatusCode: 200; User agent: Mozilla/5.0 (Windows NT 10.0; Win64; x64; rv:59.0) Gecko/20100101 Firefox/59.0; 
Time: 19:15:11:456; Method: GET; URl: /log; Cookies: keys: Webstorm-6bd6bd74 isAdmin, values: 8cad0628-0259-4db3-941e-f8f4c757fe05 true ; Hostname: localhost; StatusCode: 200; User agent: Mozilla/5.0 (Windows NT 10.0; Win64; x64; rv:59.0) Gecko/20100101 Firefox/59.0; 
Time: 19:15:11:725; Method: GET; URl: /log; Cookies: keys: Webstorm-6bd6bd74 isAdmin, values: 8cad0628-0259-4db3-941e-f8f4c757fe05 true ; Hostname: localhost; StatusCode: 200; User agent: Mozilla/5.0 (Windows NT 10.0; Win64; x64; rv:59.0) Gecko/20100101 Firefox/59.0; 
Time: 19:15:11:956; Method: GET; URl: /log; Cookies: keys: Webstorm-6bd6bd74 isAdmin, values: 8cad0628-0259-4db3-941e-f8f4c757fe05 true ; Hostname: localhost; StatusCode: 200; User agent: Mozilla/5.0 (Windows NT 10.0; Win64; x64; rv:59.0) Gecko/20100101 Firefox/59.0; 
Time: 19:15:12:224; Method: GET; URl: /log; Cookies: keys: Webstorm-6bd6bd74 isAdmin, values: 8cad0628-0259-4db3-941e-f8f4c757fe05 true ; Hostname: localhost; StatusCode: 200; User agent: Mozilla/5.0 (Windows NT 10.0; Win64; x64; rv:59.0) Gecko/20100101 Firefox/59.0; 
Time: 19:15:12:440; Method: GET; URl: /log; Cookies: keys: Webstorm-6bd6bd74 isAdmin, values: 8cad0628-0259-4db3-941e-f8f4c757fe05 true ; Hostname: localhost; StatusCode: 200; User agent: Mozilla/5.0 (Windows NT 10.0; Win64; x64; rv:59.0) Gecko/20100101 Firefox/59.0; 
Time: 19:15:15:325; Method: GET; URl: /; Cookies: keys: Webstorm-6bd6bd74 isAdmin, values: 8cad0628-0259-4db3-941e-f8f4c757fe05 true ; Hostname: localhost; StatusCode: 200; User agent: Mozilla/5.0 (Windows NT 10.0; Win64; x64; rv:59.0) Gecko/20100101 Firefox/59.0; 
Time: 19:15:16:973; Method: GET; URl: /log; Cookies: keys: Webstorm-6bd6bd74 isAdmin, values: 8cad0628-0259-4db3-941e-f8f4c757fe05 true ; Hostname: localhost; StatusCode: 200; User agent: Mozilla/5.0 (Windows NT 10.0; Win64; x64; rv:59.0) Gecko/20100101 Firefox/59.0; 
Time: 19:15:18:227; Method: GET; URl: /log; Cookies: keys: Webstorm-6bd6bd74 isAdmin, values: 8cad0628-0259-4db3-941e-f8f4c757fe05 true ; Hostname: localhost; StatusCode: 200; User agent: Mozilla/5.0 (Windows NT 10.0; Win64; x64; rv:59.0) Gecko/20100101 Firefox/59.0; 
Time: 19:16:28:350; Method: GET; URl: /; Cookies: keys: Webstorm-6bd6bd74 isAdmin, values: 8cad0628-0259-4db3-941e-f8f4c757fe05 true ; Hostname: localhost; StatusCode: 200; User agent: Mozilla/5.0 (Windows NT 10.0; Win64; x64; rv:59.0) Gecko/20100101 Firefox/59.0; 
Time: 19:16:30:636; Method: GET; URl: /home; Cookies: keys: Webstorm-6bd6bd74 isAdmin, values: 8cad0628-0259-4db3-941e-f8f4c757fe05 true ; Hostname: localhost; StatusCode: 200; User agent: Mozilla/5.0 (Windows NT 10.0; Win64; x64; rv:59.0) Gecko/20100101 Firefox/59.0; 
Time: 19:16:31:983; Method: GET; URl: /; Cookies: keys: Webstorm-6bd6bd74 isAdmin, values: 8cad0628-0259-4db3-941e-f8f4c757fe05 true ; Hostname: localhost; StatusCode: 200; User agent: Mozilla/5.0 (Windows NT 10.0; Win64; x64; rv:59.0) Gecko/20100101 Firefox/59.0; 
Time: 19:16:32:822; Method: GET; URl: /log; Cookies: keys: Webstorm-6bd6bd74 isAdmin, values: 8cad0628-0259-4db3-941e-f8f4c757fe05 true ; Hostname: localhost; StatusCode: 200; User agent: Mozilla/5.0 (Windows NT 10.0; Win64; x64; rv:59.0) Gecko/20100101 Firefox/59.0; 
Time: 19:16:34:252; Method: GET; URl: /log; Cookies: keys: Webstorm-6bd6bd74 isAdmin, values: 8cad0628-0259-4db3-941e-f8f4c757fe05 true ; Hostname: localhost; StatusCode: 200; User agent: Mozilla/5.0 (Windows NT 10.0; Win64; x64; rv:59.0) Gecko/20100101 Firefox/59.0; 
Time: 19:16:37:719; Method: GET; URl: /log; Cookies: keys: Webstorm-6bd6bd74 isAdmin, values: 8cad0628-0259-4db3-941e-f8f4c757fe05 true ; Hostname: localhost; StatusCode: 200; User agent: Mozilla/5.0 (Windows NT 10.0; Win64; x64; rv:59.0) Gecko/20100101 Firefox/59.0; 
Time: 19:16:39:234; Method: GET; URl: /log; Cookies: keys: Webstorm-6bd6bd74 isAdmin, values: 8cad0628-0259-4db3-941e-f8f4c757fe05 true ; Hostname: localhost; StatusCode: 200; User agent: Mozilla/5.0 (Windows NT 10.0; Win64; x64; rv:59.0) Gecko/20100101 Firefox/59.0; 
Time: 19:18:45:114; Method: GET; URl: /; Cookies: keys: Webstorm-6bd6bd74 isAdmin, values: 8cad0628-0259-4db3-941e-f8f4c757fe05 true ; Hostname: localhost; StatusCode: 200; User agent: Mozilla/5.0 (Windows NT 10.0; Win64; x64; rv:59.0) Gecko/20100101 Firefox/59.0; 
Time: 19:19:10:911; Method: GET; URl: /; Cookies: keys: Webstorm-6bd6bd74 isAdmin, values: 8cad0628-0259-4db3-941e-f8f4c757fe05 true ; Hostname: localhost; StatusCode: 200; User agent: Mozilla/5.0 (Windows NT 10.0; Win64; x64; rv:59.0) Gecko/20100101 Firefox/59.0; 
Time: 19:19:13:73; Method: GET; URl: /log; Cookies: keys: Webstorm-6bd6bd74 isAdmin, values: 8cad0628-0259-4db3-941e-f8f4c757fe05 true ; Hostname: localhost; StatusCode: 200; User agent: Mozilla/5.0 (Windows NT 10.0; Win64; x64; rv:59.0) Gecko/20100101 Firefox/59.0; 
Time: 19:19:14:375; Method: GET; URl: /log; Cookies: keys: Webstorm-6bd6bd74 isAdmin, values: 8cad0628-0259-4db3-941e-f8f4c757fe05 true ; Hostname: localhost; StatusCode: 200; User agent: Mozilla/5.0 (Windows NT 10.0; Win64; x64; rv:59.0) Gecko/20100101 Firefox/59.0; 
Time: 19:19:15:874; Method: GET; URl: /log; Cookies: keys: Webstorm-6bd6bd74 isAdmin, values: 8cad0628-0259-4db3-941e-f8f4c757fe05 true ; Hostname: localhost; StatusCode: 200; User agent: Mozilla/5.0 (Windows NT 10.0; Win64; x64; rv:59.0) Gecko/20100101 Firefox/59.0; 
Time: 19:20:49:999; Method: GET; URl: /; Cookies: keys: Webstorm-6bd6bd74 isAdmin, values: 8cad0628-0259-4db3-941e-f8f4c757fe05 true ; Hostname: localhost; StatusCode: 200; User agent: Mozilla/5.0 (Windows NT 10.0; Win64; x64; rv:59.0) Gecko/20100101 Firefox/59.0; 
Time: 19:20:51:163; Method: GET; URl: /log; Cookies: keys: Webstorm-6bd6bd74 isAdmin, values: 8cad0628-0259-4db3-941e-f8f4c757fe05 true ; Hostname: localhost; StatusCode: 200; User agent: Mozilla/5.0 (Windows NT 10.0; Win64; x64; rv:59.0) Gecko/20100101 Firefox/59.0; 
Time: 19:20:53:75; Method: GET; URl: /log; Cookies: keys: Webstorm-6bd6bd74 isAdmin, values: 8cad0628-0259-4db3-941e-f8f4c757fe05 true ; Hostname: localhost; StatusCode: 200; User agent: Mozilla/5.0 (Windows NT 10.0; Win64; x64; rv:59.0) Gecko/20100101 Firefox/59.0; 
Time: 19:21:7:58; Method: GET; URl: /log; Cookies: keys: Webstorm-6bd6bd74 isAdmin, values: 8cad0628-0259-4db3-941e-f8f4c757fe05 true ; Hostname: localhost; StatusCode: 200; User agent: Mozilla/5.0 (Windows NT 10.0; Win64; x64; rv:59.0) Gecko/20100101 Firefox/59.0; 
Time: 19:21:8:491; Method: GET; URl: /log; Cookies: keys: Webstorm-6bd6bd74 isAdmin, values: 8cad0628-0259-4db3-941e-f8f4c757fe05 true ; Hostname: localhost; StatusCode: 200; User agent: Mozilla/5.0 (Windows NT 10.0; Win64; x64; rv:59.0) Gecko/20100101 Firefox/59.0; 
Time: 19:21:8:694; Method: GET; URl: /log; Cookies: keys: Webstorm-6bd6bd74 isAdmin, values: 8cad0628-0259-4db3-941e-f8f4c757fe05 true ; Hostname: localhost; StatusCode: 200; User agent: Mozilla/5.0 (Windows NT 10.0; Win64; x64; rv:59.0) Gecko/20100101 Firefox/59.0; 
Time: 19:21:9:72; Method: GET; URl: /log; Cookies: keys: Webstorm-6bd6bd74 isAdmin, values: 8cad0628-0259-4db3-941e-f8f4c757fe05 true ; Hostname: localhost; StatusCode: 200; User agent: Mozilla/5.0 (Windows NT 10.0; Win64; x64; rv:59.0) Gecko/20100101 Firefox/59.0; 
Time: 19:21:10:410; Method: GET; URl: /log; Cookies: keys: Webstorm-6bd6bd74, values: 8cad0628-0259-4db3-941e-f8f4c757fe05 ; Hostname: localhost; StatusCode: 200; User agent: Mozilla/5.0 (Windows NT 10.0; Win64; x64; rv:59.0) Gecko/20100101 Firefox/59.0; 
Time: 19:21:12:373; Method: GET; URl: /log; Cookies: keys: Webstorm-6bd6bd74, values: 8cad0628-0259-4db3-941e-f8f4c757fe05 ; Hostname: localhost; StatusCode: 200; User agent: Mozilla/5.0 (Windows NT 10.0; Win64; x64; rv:59.0) Gecko/20100101 Firefox/59.0; 
Time: 19:21:13:530; Method: GET; URl: /log; Cookies: keys: Webstorm-6bd6bd74, values: 8cad0628-0259-4db3-941e-f8f4c757fe05 ; Hostname: localhost; StatusCode: 200; User agent: Mozilla/5.0 (Windows NT 10.0; Win64; x64; rv:59.0) Gecko/20100101 Firefox/59.0; 
Time: 19:21:14:831; Method: GET; URl: /log; Cookies: keys: Webstorm-6bd6bd74, values: 8cad0628-0259-4db3-941e-f8f4c757fe05 ; Hostname: localhost; StatusCode: 200; User agent: Mozilla/5.0 (Windows NT 10.0; Win64; x64; rv:59.0) Gecko/20100101 Firefox/59.0; 
Time: 19:23:6:493; Method: GET; URl: /; Cookies: keys: Webstorm-6bd6bd74, values: 8cad0628-0259-4db3-941e-f8f4c757fe05 ; Hostname: localhost; StatusCode: 200; User agent: Mozilla/5.0 (Windows NT 10.0; Win64; x64; rv:59.0) Gecko/20100101 Firefox/59.0; 
Time: 19:23:8:194; Method: GET; URl: /log; Cookies: keys: Webstorm-6bd6bd74, values: 8cad0628-0259-4db3-941e-f8f4c757fe05 ; Hostname: localhost; StatusCode: 200; User agent: Mozilla/5.0 (Windows NT 10.0; Win64; x64; rv:59.0) Gecko/20100101 Firefox/59.0; 
Time: 19:23:9:762; Method: GET; URl: /log; Cookies: keys: Webstorm-6bd6bd74 isAdmin, values: 8cad0628-0259-4db3-941e-f8f4c757fe05 true ; Hostname: localhost; StatusCode: 200; User agent: Mozilla/5.0 (Windows NT 10.0; Win64; x64; rv:59.0) Gecko/20100101 Firefox/59.0; 
Time: 19:23:21:147; Method: GET; URl: /log; Cookies: keys: Webstorm-6bd6bd74 isAdmin, values: 8cad0628-0259-4db3-941e-f8f4c757fe05 true ; Hostname: localhost; StatusCode: 200; User agent: Mozilla/5.0 (Windows NT 10.0; Win64; x64; rv:59.0) Gecko/20100101 Firefox/59.0; 
Time: 19:23:22:346; Method: GET; URl: /log; Cookies: keys: Webstorm-6bd6bd74, values: 8cad0628-0259-4db3-941e-f8f4c757fe05 ; Hostname: localhost; StatusCode: 200; User agent: Mozilla/5.0 (Windows NT 10.0; Win64; x64; rv:59.0) Gecko/20100101 Firefox/59.0; 
Time: 19:23:24:975; Method: GET; URl: /log; Cookies: keys: Webstorm-6bd6bd74 isAdmin, values: 8cad0628-0259-4db3-941e-f8f4c757fe05 true ; Hostname: localhost; StatusCode: 200; User agent: Mozilla/5.0 (Windows NT 10.0; Win64; x64; rv:59.0) Gecko/20100101 Firefox/59.0; 
Time: 19:24:18:581; Method: GET; URl: /; Cookies: keys: Webstorm-6bd6bd74 isAdmin, values: 8cad0628-0259-4db3-941e-f8f4c757fe05 true ; Hostname: localhost; StatusCode: 200; User agent: Mozilla/5.0 (Windows NT 10.0; Win64; x64; rv:59.0) Gecko/20100101 Firefox/59.0; 
Time: 19:24:23:351; Method: GET; URl: /log; Cookies: keys: Webstorm-6bd6bd74 isAdmin, values: 8cad0628-0259-4db3-941e-f8f4c757fe05 true ; Hostname: localhost; StatusCode: 200; User agent: Mozilla/5.0 (Windows NT 10.0; Win64; x64; rv:59.0) Gecko/20100101 Firefox/59.0; 
Time: 19:25:29:247; Method: GET; URl: /; Cookies: keys: Webstorm-6bd6bd74 isAdmin, values: 8cad0628-0259-4db3-941e-f8f4c757fe05 true ; Hostname: localhost; StatusCode: 200; User agent: Mozilla/5.0 (Windows NT 10.0; Win64; x64; rv:59.0) Gecko/20100101 Firefox/59.0; 
Time: 19:25:31:867; Method: GET; URl: /log; Cookies: keys: Webstorm-6bd6bd74 isAdmin, values: 8cad0628-0259-4db3-941e-f8f4c757fe05 true ; Hostname: localhost; StatusCode: 200; User agent: Mozilla/5.0 (Windows NT 10.0; Win64; x64; rv:59.0) Gecko/20100101 Firefox/59.0; 
Time: 19:27:32:911; Method: GET; URl: /; Cookies: keys: Webstorm-6bd6bd74 isAdmin, values: 8cad0628-0259-4db3-941e-f8f4c757fe05 true ; Hostname: localhost; StatusCode: 200; User agent: Mozilla/5.0 (Windows NT 10.0; Win64; x64; rv:59.0) Gecko/20100101 Firefox/59.0; 
Time: 19:27:35:190; Method: GET; URl: /log; Cookies: keys: Webstorm-6bd6bd74 isAdmin, values: 8cad0628-0259-4db3-941e-f8f4c757fe05 true ; Hostname: localhost; StatusCode: 200; User agent: Mozilla/5.0 (Windows NT 10.0; Win64; x64; rv:59.0) Gecko/20100101 Firefox/59.0; 
Time: 19:27:37:773; Method: GET; URl: /log; Cookies: keys: Webstorm-6bd6bd74 isAdmin, values: 8cad0628-0259-4db3-941e-f8f4c757fe05 true ; Hostname: localhost; StatusCode: 200; User agent: Mozilla/5.0 (Windows NT 10.0; Win64; x64; rv:59.0) Gecko/20100101 Firefox/59.0; 
Time: 19:27:41:389; Method: GET; URl: /log; Cookies: keys: Webstorm-6bd6bd74 isAdmin, values: 8cad0628-0259-4db3-941e-f8f4c757fe05 true ; Hostname: localhost; StatusCode: 200; User agent: Mozilla/5.0 (Windows NT 10.0; Win64; x64; rv:59.0) Gecko/20100101 Firefox/59.0; 
