Time: 18:26:17:278; Method: GET; URl: /; Cookies: keys: Webstorm-6bd6bd74 isAdmin, values: 8cad0628-0259-4db3-941e-f8f4c757fe05 true ; Hostname: localhost; StatusCode: 200; User agent: Mozilla/5.0 (Windows NT 10.0; Win64; x64; rv:59.0) Gecko/20100101 Firefox/59.0; 
Time: 18:26:19:393; Method: GET; URl: /log; Cookies: keys: Webstorm-6bd6bd74 isAdmin, values: 8cad0628-0259-4db3-941e-f8f4c757fe05 true ; Hostname: localhost; StatusCode: 200; User agent: Mozilla/5.0 (Windows NT 10.0; Win64; x64; rv:59.0) Gecko/20100101 Firefox/59.0; 
Time: 18:26:20:440; Method: GET; URl: /log; Cookies: keys: Webstorm-6bd6bd74 isAdmin, values: 8cad0628-0259-4db3-941e-f8f4c757fe05 true ; Hostname: localhost; StatusCode: 200; User agent: Mozilla/5.0 (Windows NT 10.0; Win64; x64; rv:59.0) Gecko/20100101 Firefox/59.0; 
Time: 18:26:21:411; Method: GET; URl: /log; Cookies: keys: Webstorm-6bd6bd74 isAdmin, values: 8cad0628-0259-4db3-941e-f8f4c757fe05 true ; Hostname: localhost; StatusCode: 200; User agent: Mozilla/5.0 (Windows NT 10.0; Win64; x64; rv:59.0) Gecko/20100101 Firefox/59.0; 
Time: 18:26:22:195; Method: GET; URl: /log; Cookies: keys: Webstorm-6bd6bd74 isAdmin, values: 8cad0628-0259-4db3-941e-f8f4c757fe05 true ; Hostname: localhost; StatusCode: 200; User agent: Mozilla/5.0 (Windows NT 10.0; Win64; x64; rv:59.0) Gecko/20100101 Firefox/59.0; 
Time: 18:26:23:881; Method: GET; URl: /log; Cookies: keys: Webstorm-6bd6bd74, values: 8cad0628-0259-4db3-941e-f8f4c757fe05 ; Hostname: localhost; StatusCode: 200; User agent: Mozilla/5.0 (Windows NT 10.0; Win64; x64; rv:59.0) Gecko/20100101 Firefox/59.0; 
Time: 18:26:24:943; Method: GET; URl: /log; Cookies: keys: Webstorm-6bd6bd74, values: 8cad0628-0259-4db3-941e-f8f4c757fe05 ; Hostname: localhost; StatusCode: 200; User agent: Mozilla/5.0 (Windows NT 10.0; Win64; x64; rv:59.0) Gecko/20100101 Firefox/59.0; 
Time: 18:26:25:958; Method: GET; URl: /log; Cookies: keys: Webstorm-6bd6bd74, values: 8cad0628-0259-4db3-941e-f8f4c757fe05 ; Hostname: localhost; StatusCode: 200; User agent: Mozilla/5.0 (Windows NT 10.0; Win64; x64; rv:59.0) Gecko/20100101 Firefox/59.0; 
Time: 18:26:26:911; Method: GET; URl: /log; Cookies: keys: Webstorm-6bd6bd74, values: 8cad0628-0259-4db3-941e-f8f4c757fe05 ; Hostname: localhost; StatusCode: 200; User agent: Mozilla/5.0 (Windows NT 10.0; Win64; x64; rv:59.0) Gecko/20100101 Firefox/59.0; 
Time: 18:26:46:985; Method: GET; URl: /log; Cookies: keys: Webstorm-6bd6bd74, values: 8cad0628-0259-4db3-941e-f8f4c757fe05 ; Hostname: localhost; StatusCode: 200; User agent: Mozilla/5.0 (Windows NT 10.0; Win64; x64; rv:59.0) Gecko/20100101 Firefox/59.0; 
Time: 19:29:0:7; Method: GET; URl: /; Cookies: keys: Webstorm-6bd6bd74 isAdmin, values: 8cad0628-0259-4db3-941e-f8f4c757fe05 true ; Hostname: localhost; StatusCode: 200; User agent: Mozilla/5.0 (Windows NT 10.0; Win64; x64; rv:59.0) Gecko/20100101 Firefox/59.0; 
Time: 19:29:2:961; Method: GET; URl: /log; Cookies: keys: Webstorm-6bd6bd74 isAdmin, values: 8cad0628-0259-4db3-941e-f8f4c757fe05 true ; Hostname: localhost; StatusCode: 200; User agent: Mozilla/5.0 (Windows NT 10.0; Win64; x64; rv:59.0) Gecko/20100101 Firefox/59.0; 
Time: 19:29:16:741; Method: GET; URl: /log; Cookies: keys: Webstorm-6bd6bd74 isAdmin, values: 8cad0628-0259-4db3-941e-f8f4c757fe05 true ; Hostname: localhost; StatusCode: 200; User agent: Mozilla/5.0 (Windows NT 10.0; Win64; x64; rv:59.0) Gecko/20100101 Firefox/59.0; 
Time: 19:29:30:795; Method: GET; URl: /log; Cookies: keys: Webstorm-6bd6bd74 isAdmin, values: 8cad0628-0259-4db3-941e-f8f4c757fe05 true ; Hostname: localhost; StatusCode: 200; User agent: Mozilla/5.0 (Windows NT 10.0; Win64; x64; rv:59.0) Gecko/20100101 Firefox/59.0; 
Time: 19:29:39:658; Method: GET; URl: /log; Cookies: keys: Webstorm-6bd6bd74, values: 8cad0628-0259-4db3-941e-f8f4c757fe05 ; Hostname: localhost; StatusCode: 200; User agent: Mozilla/5.0 (Windows NT 10.0; Win64; x64; rv:59.0) Gecko/20100101 Firefox/59.0; 
Time: 19:30:37:524; Method: GET; URl: /; Cookies: keys: Webstorm-6bd6bd74 isAdmin, values: 8cad0628-0259-4db3-941e-f8f4c757fe05 true ; Hostname: localhost; StatusCode: 200; User agent: Mozilla/5.0 (Windows NT 10.0; Win64; x64; rv:59.0) Gecko/20100101 Firefox/59.0; 
Time: 19:30:38:824; Method: GET; URl: /register; Cookies: keys: Webstorm-6bd6bd74 isAdmin, values: 8cad0628-0259-4db3-941e-f8f4c757fe05 true ; Hostname: localhost; StatusCode: 200; User agent: Mozilla/5.0 (Windows NT 10.0; Win64; x64; rv:59.0) Gecko/20100101 Firefox/59.0; 
Time: 19:30:39:855; Method: POST; URl: /register; Cookies: keys: Webstorm-6bd6bd74 isAdmin, values: 8cad0628-0259-4db3-941e-f8f4c757fe05 true ; Hostname: localhost; StatusCode: 200; User agent: Mozilla/5.0 (Windows NT 10.0; Win64; x64; rv:59.0) Gecko/20100101 Firefox/59.0; 
Time: 19:30:41:494; Method: GET; URl: /; Cookies: keys: Webstorm-6bd6bd74 isAdmin, values: 8cad0628-0259-4db3-941e-f8f4c757fe05 true ; Hostname: localhost; StatusCode: 200; User agent: Mozilla/5.0 (Windows NT 10.0; Win64; x64; rv:59.0) Gecko/20100101 Firefox/59.0; 
Time: 19:31:14:379; Method: GET; URl: /; Cookies: keys: Webstorm-6bd6bd74 isAdmin, values: 8cad0628-0259-4db3-941e-f8f4c757fe05 true ; Hostname: localhost; StatusCode: 200; User agent: Mozilla/5.0 (Windows NT 10.0; Win64; x64; rv:59.0) Gecko/20100101 Firefox/59.0; 
Time: 19:31:16:612; Method: GET; URl: /log; Cookies: keys: Webstorm-6bd6bd74 isAdmin, values: 8cad0628-0259-4db3-941e-f8f4c757fe05 true ; Hostname: localhost; StatusCode: 200; User agent: Mozilla/5.0 (Windows NT 10.0; Win64; x64; rv:59.0) Gecko/20100101 Firefox/59.0; 
Time: 19:31:18:411; Method: GET; URl: /log; Cookies: keys: Webstorm-6bd6bd74 isAdmin, values: 8cad0628-0259-4db3-941e-f8f4c757fe05 true ; Hostname: localhost; StatusCode: 200; User agent: Mozilla/5.0 (Windows NT 10.0; Win64; x64; rv:59.0) Gecko/20100101 Firefox/59.0; 
Time: 19:32:1:237; Method: GET; URl: /; Cookies: keys: Webstorm-6bd6bd74 isAdmin, values: 8cad0628-0259-4db3-941e-f8f4c757fe05 true ; Hostname: localhost; StatusCode: 200; User agent: Mozilla/5.0 (Windows NT 10.0; Win64; x64; rv:59.0) Gecko/20100101 Firefox/59.0; 
Time: 19:32:3:413; Method: GET; URl: /log; Cookies: keys: Webstorm-6bd6bd74 isAdmin, values: 8cad0628-0259-4db3-941e-f8f4c757fe05 true ; Hostname: localhost; StatusCode: 200; User agent: Mozilla/5.0 (Windows NT 10.0; Win64; x64; rv:59.0) Gecko/20100101 Firefox/59.0; 
Time: 19:32:4:428; Method: GET; URl: /log; Cookies: keys: Webstorm-6bd6bd74 isAdmin, values: 8cad0628-0259-4db3-941e-f8f4c757fe05 true ; Hostname: localhost; StatusCode: 200; User agent: Mozilla/5.0 (Windows NT 10.0; Win64; x64; rv:59.0) Gecko/20100101 Firefox/59.0; 
Time: 19:37:3:699; Method: GET; URl: /; Cookies: keys: Webstorm-6bd6bd74 isAdmin, values: 8cad0628-0259-4db3-941e-f8f4c757fe05 true ; Hostname: localhost; StatusCode: 200; User agent: Mozilla/5.0 (Windows NT 10.0; Win64; x64; rv:59.0) Gecko/20100101 Firefox/59.0; 
Time: 19:37:7:103; Method: GET; URl: /log; Cookies: keys: Webstorm-6bd6bd74 isAdmin, values: 8cad0628-0259-4db3-941e-f8f4c757fe05 true ; Hostname: localhost; StatusCode: 200; User agent: Mozilla/5.0 (Windows NT 10.0; Win64; x64; rv:59.0) Gecko/20100101 Firefox/59.0; 
Time: 19:37:8:34; Method: GET; URl: /log; Cookies: keys: Webstorm-6bd6bd74 isAdmin, values: 8cad0628-0259-4db3-941e-f8f4c757fe05 true ; Hostname: localhost; StatusCode: 200; User agent: Mozilla/5.0 (Windows NT 10.0; Win64; x64; rv:59.0) Gecko/20100101 Firefox/59.0; 
Time: 19:37:8:234; Method: GET; URl: /log; Cookies: keys: Webstorm-6bd6bd74 isAdmin, values: 8cad0628-0259-4db3-941e-f8f4c757fe05 true ; Hostname: localhost; StatusCode: 200; User agent: Mozilla/5.0 (Windows NT 10.0; Win64; x64; rv:59.0) Gecko/20100101 Firefox/59.0; 
Time: 19:37:9:234; Method: GET; URl: /log; Cookies: keys: Webstorm-6bd6bd74 isAdmin, values: 8cad0628-0259-4db3-941e-f8f4c757fe05 true ; Hostname: localhost; StatusCode: 200; User agent: Mozilla/5.0 (Windows NT 10.0; Win64; x64; rv:59.0) Gecko/20100101 Firefox/59.0; 
Time: 19:37:52:569; Method: GET; URl: /; Cookies: keys: Webstorm-6bd6bd74 isAdmin, values: 8cad0628-0259-4db3-941e-f8f4c757fe05 true ; Hostname: localhost; StatusCode: 200; User agent: Mozilla/5.0 (Windows NT 10.0; Win64; x64; rv:59.0) Gecko/20100101 Firefox/59.0; 
Time: 19:37:53:749; Method: GET; URl: /log; Cookies: keys: Webstorm-6bd6bd74 isAdmin, values: 8cad0628-0259-4db3-941e-f8f4c757fe05 true ; Hostname: localhost; StatusCode: 200; User agent: Mozilla/5.0 (Windows NT 10.0; Win64; x64; rv:59.0) Gecko/20100101 Firefox/59.0; 
Time: 19:38:8:344; Method: GET; URl: /; Cookies: keys: Webstorm-6bd6bd74 isAdmin, values: 8cad0628-0259-4db3-941e-f8f4c757fe05 true ; Hostname: localhost; StatusCode: 200; User agent: Mozilla/5.0 (Windows NT 10.0; Win64; x64; rv:59.0) Gecko/20100101 Firefox/59.0; 
Time: 19:38:9:746; Method: GET; URl: /log; Cookies: keys: Webstorm-6bd6bd74 isAdmin, values: 8cad0628-0259-4db3-941e-f8f4c757fe05 true ; Hostname: localhost; StatusCode: 200; User agent: Mozilla/5.0 (Windows NT 10.0; Win64; x64; rv:59.0) Gecko/20100101 Firefox/59.0; 
Time: 19:38:28:525; Method: GET; URl: /; Cookies: keys: Webstorm-6bd6bd74 isAdmin, values: 8cad0628-0259-4db3-941e-f8f4c757fe05 true ; Hostname: localhost; StatusCode: 200; User agent: Mozilla/5.0 (Windows NT 10.0; Win64; x64; rv:59.0) Gecko/20100101 Firefox/59.0; 
Time: 19:40:35:659; Method: GET; URl: /log; Cookies: keys: Webstorm-6bd6bd74 isAdmin, values: 8cad0628-0259-4db3-941e-f8f4c757fe05 true ; Hostname: localhost; StatusCode: 200; User agent: Mozilla/5.0 (Windows NT 10.0; Win64; x64; rv:59.0) Gecko/20100101 Firefox/59.0; 
Time: 19:41:5:866; Method: GET; URl: /; Cookies: keys: Webstorm-6bd6bd74 isAdmin, values: 8cad0628-0259-4db3-941e-f8f4c757fe05 true ; Hostname: localhost; StatusCode: 200; User agent: Mozilla/5.0 (Windows NT 10.0; Win64; x64; rv:59.0) Gecko/20100101 Firefox/59.0; 
Time: 19:41:40:338; Method: GET; URl: /log; Cookies: keys: Webstorm-6bd6bd74 isAdmin, values: 8cad0628-0259-4db3-941e-f8f4c757fe05 true ; Hostname: localhost; StatusCode: 200; User agent: Mozilla/5.0 (Windows NT 10.0; Win64; x64; rv:59.0) Gecko/20100101 Firefox/59.0; 
Time: 19:42:22:822; Method: GET; URl: /; Cookies: keys: Webstorm-6bd6bd74 isAdmin, values: 8cad0628-0259-4db3-941e-f8f4c757fe05 true ; Hostname: localhost; StatusCode: 200; User agent: Mozilla/5.0 (Windows NT 10.0; Win64; x64; rv:59.0) Gecko/20100101 Firefox/59.0; 
Time: 19:42:24:788; Method: GET; URl: /log; Cookies: keys: Webstorm-6bd6bd74 isAdmin, values: 8cad0628-0259-4db3-941e-f8f4c757fe05 true ; Hostname: localhost; StatusCode: 200; User agent: Mozilla/5.0 (Windows NT 10.0; Win64; x64; rv:59.0) Gecko/20100101 Firefox/59.0; 
Time: 19:42:25:823; Method: GET; URl: /log; Cookies: keys: Webstorm-6bd6bd74 isAdmin, values: 8cad0628-0259-4db3-941e-f8f4c757fe05 true ; Hostname: localhost; StatusCode: 200; User agent: Mozilla/5.0 (Windows NT 10.0; Win64; x64; rv:59.0) Gecko/20100101 Firefox/59.0; 
Time: 19:43:22:323; Method: GET; URl: /; Cookies: keys: Webstorm-6bd6bd74 isAdmin, values: 8cad0628-0259-4db3-941e-f8f4c757fe05 true ; Hostname: localhost; StatusCode: 200; User agent: Mozilla/5.0 (Windows NT 10.0; Win64; x64; rv:59.0) Gecko/20100101 Firefox/59.0; 
Time: 19:43:24:133; Method: GET; URl: /log; Cookies: keys: Webstorm-6bd6bd74 isAdmin, values: 8cad0628-0259-4db3-941e-f8f4c757fe05 true ; Hostname: localhost; StatusCode: 200; User agent: Mozilla/5.0 (Windows NT 10.0; Win64; x64; rv:59.0) Gecko/20100101 Firefox/59.0; 
Time: 19:43:35:543; Method: GET; URl: /log; Cookies: keys: Webstorm-6bd6bd74 isAdmin, values: 8cad0628-0259-4db3-941e-f8f4c757fe05 true ; Hostname: localhost; StatusCode: 200; User agent: Mozilla/5.0 (Windows NT 10.0; Win64; x64; rv:59.0) Gecko/20100101 Firefox/59.0; 
Time: 19:46:36:316; Method: GET; URl: /; Cookies: keys: Webstorm-6bd6bd74 isAdmin, values: 8cad0628-0259-4db3-941e-f8f4c757fe05 true ; Hostname: localhost; StatusCode: 200; User agent: Mozilla/5.0 (Windows NT 10.0; Win64; x64; rv:59.0) Gecko/20100101 Firefox/59.0; 
Time: 19:46:43:79; Method: GET; URl: /log; Cookies: keys: Webstorm-6bd6bd74 isAdmin, values: 8cad0628-0259-4db3-941e-f8f4c757fe05 true ; Hostname: localhost; StatusCode: 200; User agent: Mozilla/5.0 (Windows NT 10.0; Win64; x64; rv:59.0) Gecko/20100101 Firefox/59.0; 
Time: 19:46:58:169; Method: GET; URl: /; Cookies: keys: Webstorm-6bd6bd74 isAdmin, values: 8cad0628-0259-4db3-941e-f8f4c757fe05 true ; Hostname: localhost; StatusCode: 200; User agent: Mozilla/5.0 (Windows NT 10.0; Win64; x64; rv:59.0) Gecko/20100101 Firefox/59.0; 
Time: 19:47:54:792; Method: GET; URl: /; Cookies: keys: Webstorm-6bd6bd74 isAdmin, values: 8cad0628-0259-4db3-941e-f8f4c757fe05 true ; Hostname: localhost; StatusCode: 200; User agent: Mozilla/5.0 (Windows NT 10.0; Win64; x64; rv:59.0) Gecko/20100101 Firefox/59.0; 
Time: 19:48:19:292; Method: GET; URl: /; Cookies: keys: Webstorm-6bd6bd74 isAdmin, values: 8cad0628-0259-4db3-941e-f8f4c757fe05 true ; Hostname: localhost; StatusCode: 200; User agent: Mozilla/5.0 (Windows NT 10.0; Win64; x64; rv:59.0) Gecko/20100101 Firefox/59.0; 
Time: 19:48:20:194; Method: GET; URl: /; Cookies: keys: Webstorm-6bd6bd74 isAdmin, values: 8cad0628-0259-4db3-941e-f8f4c757fe05 true ; Hostname: localhost; StatusCode: 200; User agent: Mozilla/5.0 (Windows NT 10.0; Win64; x64; rv:59.0) Gecko/20100101 Firefox/59.0; 
Time: 19:48:20:625; Method: GET; URl: /; Cookies: keys: Webstorm-6bd6bd74 isAdmin, values: 8cad0628-0259-4db3-941e-f8f4c757fe05 true ; Hostname: localhost; StatusCode: 200; User agent: Mozilla/5.0 (Windows NT 10.0; Win64; x64; rv:59.0) Gecko/20100101 Firefox/59.0; 
Time: 19:48:20:770; Method: GET; URl: /; Cookies: keys: Webstorm-6bd6bd74 isAdmin, values: 8cad0628-0259-4db3-941e-f8f4c757fe05 true ; Hostname: localhost; StatusCode: 200; User agent: Mozilla/5.0 (Windows NT 10.0; Win64; x64; rv:59.0) Gecko/20100101 Firefox/59.0; 
Time: 19:48:37:648; Method: GET; URl: /home; Cookies: keys: Webstorm-6bd6bd74 isAdmin, values: 8cad0628-0259-4db3-941e-f8f4c757fe05 true ; Hostname: localhost; StatusCode: 200; User agent: Mozilla/5.0 (Windows NT 10.0; Win64; x64; rv:59.0) Gecko/20100101 Firefox/59.0; 
Time: 19:48:38:979; Method: GET; URl: /; Cookies: keys: Webstorm-6bd6bd74 isAdmin, values: 8cad0628-0259-4db3-941e-f8f4c757fe05 true ; Hostname: localhost; StatusCode: 200; User agent: Mozilla/5.0 (Windows NT 10.0; Win64; x64; rv:59.0) Gecko/20100101 Firefox/59.0; 
Time: 19:48:40:280; Method: GET; URl: /register; Cookies: keys: Webstorm-6bd6bd74 isAdmin, values: 8cad0628-0259-4db3-941e-f8f4c757fe05 true ; Hostname: localhost; StatusCode: 200; User agent: Mozilla/5.0 (Windows NT 10.0; Win64; x64; rv:59.0) Gecko/20100101 Firefox/59.0; 
Time: 19:48:43:579; Method: GET; URl: /log; Cookies: keys: Webstorm-6bd6bd74 isAdmin, values: 8cad0628-0259-4db3-941e-f8f4c757fe05 true ; Hostname: localhost; StatusCode: 200; User agent: Mozilla/5.0 (Windows NT 10.0; Win64; x64; rv:59.0) Gecko/20100101 Firefox/59.0; 
Time: 19:49:4:906; Method: GET; URl: /; Cookies: keys: Webstorm-6bd6bd74 isAdmin, values: 8cad0628-0259-4db3-941e-f8f4c757fe05 true ; Hostname: localhost; StatusCode: 200; User agent: Mozilla/5.0 (Windows NT 10.0; Win64; x64; rv:59.0) Gecko/20100101 Firefox/59.0; 
Time: 19:49:7:191; Method: GET; URl: /log; Cookies: keys: Webstorm-6bd6bd74 isAdmin, values: 8cad0628-0259-4db3-941e-f8f4c757fe05 true ; Hostname: localhost; StatusCode: 200; User agent: Mozilla/5.0 (Windows NT 10.0; Win64; x64; rv:59.0) Gecko/20100101 Firefox/59.0; 
Time: 20:30:34:622; Method: GET; URl: /register/; Cookies: keys: Webstorm-6bd6bd74 isAdmin, values: 8cad0628-0259-4db3-941e-f8f4c757fe05 true ; Hostname: localhost; StatusCode: 200; User agent: Mozilla/5.0 (Windows NT 10.0; Win64; x64; rv:59.0) Gecko/20100101 Firefox/59.0; 
Time: 20:32:1:232; Method: GET; URl: /register/; Cookies: keys: Webstorm-6bd6bd74 isAdmin, values: 8cad0628-0259-4db3-941e-f8f4c757fe05 true ; Hostname: localhost; StatusCode: 200; User agent: Mozilla/5.0 (Windows NT 10.0; Win64; x64; rv:59.0) Gecko/20100101 Firefox/59.0; 
Time: 20:32:2:100; Method: GET; URl: /register/; Cookies: keys: Webstorm-6bd6bd74 isAdmin, values: 8cad0628-0259-4db3-941e-f8f4c757fe05 true ; Hostname: localhost; StatusCode: 200; User agent: Mozilla/5.0 (Windows NT 10.0; Win64; x64; rv:59.0) Gecko/20100101 Firefox/59.0; 
Time: 20:32:2:384; Method: GET; URl: /register/; Cookies: keys: Webstorm-6bd6bd74 isAdmin, values: 8cad0628-0259-4db3-941e-f8f4c757fe05 true ; Hostname: localhost; StatusCode: 200; User agent: Mozilla/5.0 (Windows NT 10.0; Win64; x64; rv:59.0) Gecko/20100101 Firefox/59.0; 
Time: 20:32:2:568; Method: GET; URl: /register/; Cookies: keys: Webstorm-6bd6bd74 isAdmin, values: 8cad0628-0259-4db3-941e-f8f4c757fe05 true ; Hostname: localhost; StatusCode: 200; User agent: Mozilla/5.0 (Windows NT 10.0; Win64; x64; rv:59.0) Gecko/20100101 Firefox/59.0; 
Time: 20:32:2:715; Method: GET; URl: /register/; Cookies: keys: Webstorm-6bd6bd74 isAdmin, values: 8cad0628-0259-4db3-941e-f8f4c757fe05 true ; Hostname: localhost; StatusCode: 200; User agent: Mozilla/5.0 (Windows NT 10.0; Win64; x64; rv:59.0) Gecko/20100101 Firefox/59.0; 
Time: 20:32:2:867; Method: GET; URl: /register/; Cookies: keys: Webstorm-6bd6bd74 isAdmin, values: 8cad0628-0259-4db3-941e-f8f4c757fe05 true ; Hostname: localhost; StatusCode: 200; User agent: Mozilla/5.0 (Windows NT 10.0; Win64; x64; rv:59.0) Gecko/20100101 Firefox/59.0; 
Time: 20:32:2:999; Method: GET; URl: /register/; Cookies: keys: Webstorm-6bd6bd74 isAdmin, values: 8cad0628-0259-4db3-941e-f8f4c757fe05 true ; Hostname: localhost; StatusCode: 200; User agent: Mozilla/5.0 (Windows NT 10.0; Win64; x64; rv:59.0) Gecko/20100101 Firefox/59.0; 
Time: 20:32:5:529; Method: GET; URl: /register; Cookies: keys: Webstorm-6bd6bd74 isAdmin, values: 8cad0628-0259-4db3-941e-f8f4c757fe05 true ; Hostname: localhost; StatusCode: 200; User agent: Mozilla/5.0 (Windows NT 10.0; Win64; x64; rv:59.0) Gecko/20100101 Firefox/59.0; 
Time: 20:33:15:501; Method: GET; URl: /; Cookies: keys: Webstorm-6bd6bd74 isAdmin, values: 8cad0628-0259-4db3-941e-f8f4c757fe05 true ; Hostname: localhost; StatusCode: 200; User agent: Mozilla/5.0 (Windows NT 10.0; Win64; x64; rv:59.0) Gecko/20100101 Firefox/59.0; 
Time: 20:33:20:950; Method: GET; URl: /register; Cookies: keys: Webstorm-6bd6bd74 isAdmin, values: 8cad0628-0259-4db3-941e-f8f4c757fe05 true ; Hostname: localhost; StatusCode: 200; User agent: Mozilla/5.0 (Windows NT 10.0; Win64; x64; rv:59.0) Gecko/20100101 Firefox/59.0; 
Time: 20:33:21:534; Method: GET; URl: /register; Cookies: keys: Webstorm-6bd6bd74 isAdmin, values: 8cad0628-0259-4db3-941e-f8f4c757fe05 true ; Hostname: localhost; StatusCode: 200; User agent: Mozilla/5.0 (Windows NT 10.0; Win64; x64; rv:59.0) Gecko/20100101 Firefox/59.0; 
Time: 20:33:21:718; Method: GET; URl: /register; Cookies: keys: Webstorm-6bd6bd74 isAdmin, values: 8cad0628-0259-4db3-941e-f8f4c757fe05 true ; Hostname: localhost; StatusCode: 200; User agent: Mozilla/5.0 (Windows NT 10.0; Win64; x64; rv:59.0) Gecko/20100101 Firefox/59.0; 
Time: 20:33:21:885; Method: GET; URl: /register; Cookies: keys: Webstorm-6bd6bd74 isAdmin, values: 8cad0628-0259-4db3-941e-f8f4c757fe05 true ; Hostname: localhost; StatusCode: 200; User agent: Mozilla/5.0 (Windows NT 10.0; Win64; x64; rv:59.0) Gecko/20100101 Firefox/59.0; 
Time: 20:33:22:18; Method: GET; URl: /register; Cookies: keys: Webstorm-6bd6bd74 isAdmin, values: 8cad0628-0259-4db3-941e-f8f4c757fe05 true ; Hostname: localhost; StatusCode: 200; User agent: Mozilla/5.0 (Windows NT 10.0; Win64; x64; rv:59.0) Gecko/20100101 Firefox/59.0; 
Time: 20:33:23:342; Method: GET; URl: /; Cookies: keys: Webstorm-6bd6bd74 isAdmin, values: 8cad0628-0259-4db3-941e-f8f4c757fe05 true ; Hostname: localhost; StatusCode: 200; User agent: Mozilla/5.0 (Windows NT 10.0; Win64; x64; rv:59.0) Gecko/20100101 Firefox/59.0; 
Time: 20:33:23:532; Method: GET; URl: /; Cookies: keys: Webstorm-6bd6bd74 isAdmin, values: 8cad0628-0259-4db3-941e-f8f4c757fe05 true ; Hostname: localhost; StatusCode: 200; User agent: Mozilla/5.0 (Windows NT 10.0; Win64; x64; rv:59.0) Gecko/20100101 Firefox/59.0; 
Time: 20:33:23:664; Method: GET; URl: /; Cookies: keys: Webstorm-6bd6bd74 isAdmin, values: 8cad0628-0259-4db3-941e-f8f4c757fe05 true ; Hostname: localhost; StatusCode: 200; User agent: Mozilla/5.0 (Windows NT 10.0; Win64; x64; rv:59.0) Gecko/20100101 Firefox/59.0; 
Time: 20:34:19:633; Method: GET; URl: /; Cookies: keys: Webstorm-6bd6bd74 isAdmin, values: 8cad0628-0259-4db3-941e-f8f4c757fe05 true ; Hostname: localhost; StatusCode: 200; User agent: Mozilla/5.0 (Windows NT 10.0; Win64; x64; rv:59.0) Gecko/20100101 Firefox/59.0; 
Time: 20:34:21:500; Method: GET; URl: /; Cookies: keys: Webstorm-6bd6bd74 isAdmin, values: 8cad0628-0259-4db3-941e-f8f4c757fe05 true ; Hostname: localhost; StatusCode: 200; User agent: Mozilla/5.0 (Windows NT 10.0; Win64; x64; rv:59.0) Gecko/20100101 Firefox/59.0; 
Time: 20:34:41:522; Method: GET; URl: /; Cookies: keys: Webstorm-6bd6bd74 isAdmin, values: 8cad0628-0259-4db3-941e-f8f4c757fe05 true ; Hostname: localhost; StatusCode: 200; User agent: Mozilla/5.0 (Windows NT 10.0; Win64; x64; rv:59.0) Gecko/20100101 Firefox/59.0; 
Time: 20:37:17:80; Method: GET; URl: /; Cookies: keys: Webstorm-6bd6bd74 isAdmin, values: 8cad0628-0259-4db3-941e-f8f4c757fe05 true ; Hostname: localhost; StatusCode: 200; User agent: Mozilla/5.0 (Windows NT 10.0; Win64; x64; rv:59.0) Gecko/20100101 Firefox/59.0; 
Time: 20:37:23:102; Method: GET; URl: /log; Cookies: keys: Webstorm-6bd6bd74 isAdmin, values: 8cad0628-0259-4db3-941e-f8f4c757fe05 true ; Hostname: localhost; StatusCode: 200; User agent: Mozilla/5.0 (Windows NT 10.0; Win64; x64; rv:59.0) Gecko/20100101 Firefox/59.0; 
Time: 20:37:36:714; Method: GET; URl: /; Cookies: keys: Webstorm-6bd6bd74 isAdmin, values: 8cad0628-0259-4db3-941e-f8f4c757fe05 true ; Hostname: localhost; StatusCode: 200; User agent: Mozilla/5.0 (Windows NT 10.0; Win64; x64; rv:59.0) Gecko/20100101 Firefox/59.0; 
Time: 20:37:37:711; Method: GET; URl: /log; Cookies: keys: Webstorm-6bd6bd74 isAdmin, values: 8cad0628-0259-4db3-941e-f8f4c757fe05 true ; Hostname: localhost; StatusCode: 200; User agent: Mozilla/5.0 (Windows NT 10.0; Win64; x64; rv:59.0) Gecko/20100101 Firefox/59.0; 
Time: 20:37:38:979; Method: GET; URl: /log; Cookies: keys: Webstorm-6bd6bd74, values: 8cad0628-0259-4db3-941e-f8f4c757fe05 ; Hostname: localhost; StatusCode: 200; User agent: Mozilla/5.0 (Windows NT 10.0; Win64; x64; rv:59.0) Gecko/20100101 Firefox/59.0; 
Time: 20:37:40:10; Method: GET; URl: /log; Cookies: keys: Webstorm-6bd6bd74 isAdmin, values: 8cad0628-0259-4db3-941e-f8f4c757fe05 true ; Hostname: localhost; StatusCode: 200; User agent: Mozilla/5.0 (Windows NT 10.0; Win64; x64; rv:59.0) Gecko/20100101 Firefox/59.0; 
Time: 20:38:52:233; Method: GET; URl: /8; Cookies: keys: Webstorm-6bd6bd74 isAdmin, values: 8cad0628-0259-4db3-941e-f8f4c757fe05 true ; Hostname: localhost; StatusCode: 200; User agent: Mozilla/5.0 (Windows NT 10.0; Win64; x64; rv:59.0) Gecko/20100101 Firefox/59.0; 
Time: 20:38:59:517; Method: GET; URl: /; Cookies: keys: Webstorm-6bd6bd74 isAdmin, values: 8cad0628-0259-4db3-941e-f8f4c757fe05 true ; Hostname: localhost; StatusCode: 200; User agent: Mozilla/5.0 (Windows NT 10.0; Win64; x64; rv:59.0) Gecko/20100101 Firefox/59.0; 
Time: 13:7:47:207; Method: GET; URl: /; Cookies: keys: Webstorm-6bd6bd74, values: 8cad0628-0259-4db3-941e-f8f4c757fe05 ; Hostname: localhost; StatusCode: 200; User agent: Mozilla/5.0 (Windows NT 10.0; Win64; x64; rv:59.0) Gecko/20100101 Firefox/59.0; 
Time: 13:7:47:354; Method: GET; URl: /favicon.ico; Cookies: keys: Webstorm-6bd6bd74, values: 8cad0628-0259-4db3-941e-f8f4c757fe05 ; Hostname: localhost; StatusCode: 200; User agent: Mozilla/5.0 (Windows NT 10.0; Win64; x64; rv:59.0) Gecko/20100101 Firefox/59.0; 
Time: 13:24:13:115; Method: GET; URl: /log; Cookies: keys: Webstorm-6bd6bd74 isAdmin, values: 8cad0628-0259-4db3-941e-f8f4c757fe05 true ; Hostname: localhost; StatusCode: 200; User agent: Mozilla/5.0 (Windows NT 10.0; Win64; x64; rv:59.0) Gecko/20100101 Firefox/59.0; 
Time: 13:24:14:894; Method: GET; URl: /log; Cookies: keys: Webstorm-6bd6bd74 isAdmin, values: 8cad0628-0259-4db3-941e-f8f4c757fe05 true ; Hostname: localhost; StatusCode: 200; User agent: Mozilla/5.0 (Windows NT 10.0; Win64; x64; rv:59.0) Gecko/20100101 Firefox/59.0; 
Time: 13:24:15:816; Method: GET; URl: /log; Cookies: keys: Webstorm-6bd6bd74, values: 8cad0628-0259-4db3-941e-f8f4c757fe05 ; Hostname: localhost; StatusCode: 200; User agent: Mozilla/5.0 (Windows NT 10.0; Win64; x64; rv:59.0) Gecko/20100101 Firefox/59.0; 
Time: 13:27:30:635; Method: GET; URl: /register; Cookies: keys: Webstorm-6bd6bd74, values: 8cad0628-0259-4db3-941e-f8f4c757fe05 ; Hostname: localhost; StatusCode: 200; User agent: Mozilla/5.0 (Windows NT 10.0; Win64; x64; rv:59.0) Gecko/20100101 Firefox/59.0; 
Time: 13:27:31:667; Method: POST; URl: /register; Cookies: keys: Webstorm-6bd6bd74, values: 8cad0628-0259-4db3-941e-f8f4c757fe05 ; Hostname: localhost; StatusCode: 200; User agent: Mozilla/5.0 (Windows NT 10.0; Win64; x64; rv:59.0) Gecko/20100101 Firefox/59.0; 
Time: 13:27:33:75; Method: GET; URl: /; Cookies: keys: Webstorm-6bd6bd74, values: 8cad0628-0259-4db3-941e-f8f4c757fe05 ; Hostname: localhost; StatusCode: 200; User agent: Mozilla/5.0 (Windows NT 10.0; Win64; x64; rv:59.0) Gecko/20100101 Firefox/59.0; 
Time: 13:31:39:398; Method: GET; URl: /register; Cookies: keys: Webstorm-6bd6bd74, values: 8cad0628-0259-4db3-941e-f8f4c757fe05 ; Hostname: localhost; StatusCode: 200; User agent: Mozilla/5.0 (Windows NT 10.0; Win64; x64; rv:59.0) Gecko/20100101 Firefox/59.0; 
Time: 13:32:0:22; Method: GET; URl: /register; Cookies: keys: Webstorm-6bd6bd74, values: 8cad0628-0259-4db3-941e-f8f4c757fe05 ; Hostname: localhost; StatusCode: 200; User agent: Mozilla/5.0 (Windows NT 10.0; Win64; x64; rv:59.0) Gecko/20100101 Firefox/59.0; 
Time: 13:32:0:837; Method: GET; URl: /register; Cookies: keys: Webstorm-6bd6bd74, values: 8cad0628-0259-4db3-941e-f8f4c757fe05 ; Hostname: localhost; StatusCode: 200; User agent: Mozilla/5.0 (Windows NT 10.0; Win64; x64; rv:59.0) Gecko/20100101 Firefox/59.0; 
Time: 13:32:1:152; Method: GET; URl: /register; Cookies: keys: Webstorm-6bd6bd74, values: 8cad0628-0259-4db3-941e-f8f4c757fe05 ; Hostname: localhost; StatusCode: 200; User agent: Mozilla/5.0 (Windows NT 10.0; Win64; x64; rv:59.0) Gecko/20100101 Firefox/59.0; 
Time: 13:32:1:374; Method: GET; URl: /register; Cookies: keys: Webstorm-6bd6bd74, values: 8cad0628-0259-4db3-941e-f8f4c757fe05 ; Hostname: localhost; StatusCode: 200; User agent: Mozilla/5.0 (Windows NT 10.0; Win64; x64; rv:59.0) Gecko/20100101 Firefox/59.0; 
Time: 13:32:3:106; Method: POST; URl: /register; Cookies: keys: Webstorm-6bd6bd74, values: 8cad0628-0259-4db3-941e-f8f4c757fe05 ; Hostname: localhost; StatusCode: 200; User agent: Mozilla/5.0 (Windows NT 10.0; Win64; x64; rv:59.0) Gecko/20100101 Firefox/59.0; 
Time: 13:32:4:53; Method: GET; URl: /; Cookies: keys: Webstorm-6bd6bd74, values: 8cad0628-0259-4db3-941e-f8f4c757fe05 ; Hostname: localhost; StatusCode: 200; User agent: Mozilla/5.0 (Windows NT 10.0; Win64; x64; rv:59.0) Gecko/20100101 Firefox/59.0; 
Time: 13:34:44:71; Method: GET; URl: /; Cookies: keys: Webstorm-6bd6bd74, values: 8cad0628-0259-4db3-941e-f8f4c757fe05 ; Hostname: localhost; StatusCode: 200; User agent: Mozilla/5.0 (Windows NT 10.0; Win64; x64; rv:59.0) Gecko/20100101 Firefox/59.0; 
Time: 13:36:36:271; Method: GET; URl: /; Cookies: keys: Webstorm-6bd6bd74, values: 8cad0628-0259-4db3-941e-f8f4c757fe05 ; Hostname: localhost; StatusCode: 200; User agent: Mozilla/5.0 (Windows NT 10.0; Win64; x64; rv:59.0) Gecko/20100101 Firefox/59.0; 
Time: 13:36:37:220; Method: GET; URl: /; Cookies: keys: Webstorm-6bd6bd74, values: 8cad0628-0259-4db3-941e-f8f4c757fe05 ; Hostname: localhost; StatusCode: 200; User agent: Mozilla/5.0 (Windows NT 10.0; Win64; x64; rv:59.0) Gecko/20100101 Firefox/59.0; 
Time: 14:5:13:34; Method: GET; URl: /; Cookies: keys: Webstorm-6bd6bd74, values: 8cad0628-0259-4db3-941e-f8f4c757fe05 ; Hostname: localhost; StatusCode: 200; User agent: Mozilla/5.0 (Windows NT 10.0; Win64; x64; rv:59.0) Gecko/20100101 Firefox/59.0; 
Time: 15:35:30:380; Method: GET; URl: /; Cookies: keys: Webstorm-6bd6bd74, values: 8cad0628-0259-4db3-941e-f8f4c757fe05 ; Hostname: localhost; StatusCode: 200; User agent: Mozilla/5.0 (Windows NT 10.0; Win64; x64; rv:59.0) Gecko/20100101 Firefox/59.0; 
Time: 15:35:30:580; Method: GET; URl: /favicon.ico; Cookies: keys: Webstorm-6bd6bd74, values: 8cad0628-0259-4db3-941e-f8f4c757fe05 ; Hostname: localhost; StatusCode: 200; User agent: Mozilla/5.0 (Windows NT 10.0; Win64; x64; rv:59.0) Gecko/20100101 Firefox/59.0; 
Time: 15:35:56:858; Method: GET; URl: /; Cookies: keys: Webstorm-6bd6bd74, values: 8cad0628-0259-4db3-941e-f8f4c757fe05 ; Hostname: localhost; StatusCode: 200; User agent: Mozilla/5.0 (Windows NT 10.0; Win64; x64; rv:59.0) Gecko/20100101 Firefox/59.0; 
